<?xml version="1.0" encoding="UTF-8"?>
<!-- Generated by org.testng.reporters.JUnitReportReporter -->
<testsuite hostname="DESKTOP-AMGV4P7" failures="0" tests="1" name="Flow.First_flow" time="13.769" errors="0" timestamp="2023-01-12T12:55:06 IST" skipped="0">
  <testcase classname="Flow.First_flow" name="testHomageFlow" time="13.769"/>
  <system-out/>
</testsuite> <!-- Flow.First_flow -->
